<?xml version="1.0" encoding="UTF-8"?>
<!-- Generated by org.testng.reporters.JUnitReportReporter -->
<testsuite skipped="0" hostname="CHE1-CND7504CYZ" name="CreateLead.CreateLead" tests="3" failures="0" timestamp="2019-12-29T09:01:51 IST" time="82.766" errors="0">
  <testcase name="runScenario" time="26.646" classname="CreateLead.CreateLead"/>
  <testcase name="runScenario" time="28.739" classname="CreateLead.CreateLead"/>
  <testcase name="runScenario" time="27.381" classname="CreateLead.CreateLead"/>
</testsuite> <!-- CreateLead.CreateLead -->
