<?xml version="1.0" encoding="UTF-8"?>
<!-- Generated by org.testng.reporters.JUnitReportReporter -->
<testsuite skipped="0" hostname="CHE1-CND7504CYZ" name="day8.Project.DuplicateLeafTaps" tests="1" failures="0" timestamp="2019-12-21T12:36:42 IST" time="67.037" errors="0">
  <testcase name="duplicateLead" time="67.037" classname="day8.Project.DuplicateLeafTaps"/>
</testsuite> <!-- day8.Project.DuplicateLeafTaps -->
