<?xml version="1.0" encoding="UTF-8"?>
<!-- Generated by org.testng.reporters.JUnitReportReporter -->
<testsuite skipped="0" hostname="CHE1-CND7504CYZ" name="day8.Project.EditLeafTaps" tests="1" failures="0" timestamp="2019-12-21T12:36:42 IST" time="59.654" errors="0">
  <testcase name="editLead" time="59.654" classname="day8.Project.EditLeafTaps"/>
</testsuite> <!-- day8.Project.EditLeafTaps -->
